0 info it worked if it ends with ok
1 verbose cli [ 'node', '/usr/local/bin/npm', 'start' ]
2 info using npm@2.13.5
3 info using node@v0.10.37
4 verbose node symlink /usr/bin/node
5 verbose run-script [ 'prestart', 'start', 'poststart' ]
6 info prestart Cigar@1.0.0
7 info start Cigar@1.0.0
8 verbose unsafe-perm in lifecycle true
9 info Cigar@1.0.0 Failed to exec start script
10 verbose stack Error: Cigar@1.0.0 start: `node ./server/index`
10 verbose stack Exit status 8
10 verbose stack     at EventEmitter.<anonymous> (/usr/local/lib/node_modules/npm/lib/utils/lifecycle.js:214:16)
10 verbose stack     at EventEmitter.emit (events.js:98:17)
10 verbose stack     at ChildProcess.<anonymous> (/usr/local/lib/node_modules/npm/lib/utils/spawn.js:24:14)
10 verbose stack     at ChildProcess.emit (events.js:98:17)
10 verbose stack     at maybeClose (child_process.js:766:16)
10 verbose stack     at Process.ChildProcess._handle.onexit (child_process.js:833:5)
11 verbose pkgid Cigar@1.0.0
12 verbose cwd /root/Cigar
13 error Linux 3.13.0-61-generic
14 error argv "node" "/usr/local/bin/npm" "start"
15 error node v0.10.37
16 error npm  v2.13.5
17 error code ELIFECYCLE
18 error Cigar@1.0.0 start: `node ./server/index`
18 error Exit status 8
19 error Failed at the Cigar@1.0.0 start script 'node ./server/index'.
19 error This is most likely a problem with the Cigar package,
19 error not with npm itself.
19 error Tell the author that this fails on your system:
19 error     node ./server/index
19 error You can get their info via:
19 error     npm owner ls Cigar
19 error There is likely additional logging output above.
20 verbose exit [ 1, true ]
